----------------------------------------------------------------
Fri Oct 06 13:52:00 EEST 2017:
Booting Derby version The Apache Software Foundation - Apache Derby - 10.12.1.1 - (1704137): instance a816c00e-015e-f150-3ad9-00000d98de78 
on database directory memory:/Users/i069874/prj/cf-mta-deploy-service/com.sap.cloud.lm.sl.cf.core/deploy-targets with class loader sun.misc.Launcher$AppClassLoader@4aa298b7 
Loaded from file:/Users/i069874/.m2/repository/org/apache/derby/derby/10.12.1.1/derby-10.12.1.1.jar
java.vendor=Oracle Corporation
java.runtime.version=1.8.0_102-b14
user.dir=/Users/i069874/prj/cf-mta-deploy-service/com.sap.cloud.lm.sl.cf.core
os.name=Mac OS X
os.arch=x86_64
os.version=10.13
derby.system.home=null
Database Class Loader started - derby.database.classpath=''
----------------------------------------------------------------
Fri Oct 06 13:52:09 EEST 2017:
Booting Derby version The Apache Software Foundation - Apache Derby - 10.12.1.1 - (1704137): instance 3f750169-015e-f150-3ad9-00000d98de78 
on database directory memory:/Users/i069874/prj/cf-mta-deploy-service/com.sap.cloud.lm.sl.cf.core/context-extension with class loader sun.misc.Launcher$AppClassLoader@4aa298b7 
Loaded from file:/Users/i069874/.m2/repository/org/apache/derby/derby/10.12.1.1/derby-10.12.1.1.jar
java.vendor=Oracle Corporation
java.runtime.version=1.8.0_102-b14
user.dir=/Users/i069874/prj/cf-mta-deploy-service/com.sap.cloud.lm.sl.cf.core
os.name=Mac OS X
os.arch=x86_64
os.version=10.13
derby.system.home=null
Database Class Loader started - derby.database.classpath=''
----------------------------------------------------------------
Fri Oct 06 13:52:10 EEST 2017:
Booting Derby version The Apache Software Foundation - Apache Derby - 10.12.1.1 - (1704137): instance 45eb02e8-015e-f150-3ad9-00000d98de78 
on database directory memory:/Users/i069874/prj/cf-mta-deploy-service/com.sap.cloud.lm.sl.cf.core/ongoing-operations with class loader sun.misc.Launcher$AppClassLoader@4aa298b7 
Loaded from file:/Users/i069874/.m2/repository/org/apache/derby/derby/10.12.1.1/derby-10.12.1.1.jar
java.vendor=Oracle Corporation
java.runtime.version=1.8.0_102-b14
user.dir=/Users/i069874/prj/cf-mta-deploy-service/com.sap.cloud.lm.sl.cf.core
os.name=Mac OS X
os.arch=x86_64
os.version=10.13
derby.system.home=null
Database Class Loader started - derby.database.classpath=''
----------------------------------------------------------------
Fri Oct 06 13:52:12 EEST 2017:
Booting Derby version The Apache Software Foundation - Apache Derby - 10.12.1.1 - (1704137): instance b488c8be-015e-f150-3ad9-00000d98de78 
on database directory memory:/Users/i069874/prj/cf-mta-deploy-service/com.sap.cloud.lm.sl.cf.core/configuration-subscriptions with class loader sun.misc.Launcher$AppClassLoader@4aa298b7 
Loaded from file:/Users/i069874/.m2/repository/org/apache/derby/derby/10.12.1.1/derby-10.12.1.1.jar
java.vendor=Oracle Corporation
java.runtime.version=1.8.0_102-b14
user.dir=/Users/i069874/prj/cf-mta-deploy-service/com.sap.cloud.lm.sl.cf.core
os.name=Mac OS X
os.arch=x86_64
os.version=10.13
derby.system.home=null
Database Class Loader started - derby.database.classpath=''
----------------------------------------------------------------
Fri Oct 06 13:52:13 EEST 2017:
Booting Derby version The Apache Software Foundation - Apache Derby - 10.12.1.1 - (1704137): instance 2a648a6c-015e-f150-3ad9-00000d98de78 
on database directory memory:/Users/i069874/prj/cf-mta-deploy-service/com.sap.cloud.lm.sl.cf.core/configuration-entries with class loader sun.misc.Launcher$AppClassLoader@4aa298b7 
Loaded from file:/Users/i069874/.m2/repository/org/apache/derby/derby/10.12.1.1/derby-10.12.1.1.jar
java.vendor=Oracle Corporation
java.runtime.version=1.8.0_102-b14
user.dir=/Users/i069874/prj/cf-mta-deploy-service/com.sap.cloud.lm.sl.cf.core
os.name=Mac OS X
os.arch=x86_64
os.version=10.13
derby.system.home=null
Database Class Loader started - derby.database.classpath=''
